============================= test session starts ==============================
platform darwin -- Python 3.12.4, pytest-9.0.3, pluggy-1.6.0
collected 8 items

tests/test_game_logic.py::test_winning_guess PASSED                      [ 12%]
tests/test_game_logic.py::test_guess_too_high PASSED                     [ 25%]
tests/test_game_logic.py::test_guess_too_low PASSED                      [ 37%]
tests/test_game_logic.py::test_parse_guess_rejects_empty_input PASSED    [ 50%]
tests/test_game_logic.py::test_parse_guess_rejects_non_numeric_input PASSED [ 62%]
tests/test_game_logic.py::test_parse_guess_accepts_decimal_strings PASSED [ 75%]
tests/test_game_logic.py::test_update_score_win_rewards_fewer_attempts PASSED [ 87%]
tests/test_game_logic.py::test_update_score_wrong_guess_does_not_go_negative PASSED [100%]

============================== 8 passed in 0.01s ===============================
