============================= test session starts ==============================
platform darwin -- Python 3.13.12, pytest-9.0.3, pluggy-1.6.0 -- /Users/nakaassoumatine/Desktop/Codpath AI110/Week 2/ai110-module1show-gameglitchinvestigator-starter/.venv/bin/python
cachedir: .pytest_cache
rootdir: /Users/nakaassoumatine/Desktop/Codpath AI110/Week 2/ai110-module1show-gameglitchinvestigator-starter
plugins: anyio-4.13.0
collecting ... collected 0 items / 1 error

==================================== ERRORS ====================================
__________________ ERROR collecting tests/test_game_logic.py ___________________
ImportError while importing test module '/Users/nakaassoumatine/Desktop/Codpath AI110/Week 2/ai110-module1show-gameglitchinvestigator-starter/tests/test_game_logic.py'.
Hint: make sure your test modules/packages have valid Python names.
Traceback:
/opt/homebrew/Cellar/python@3.13/3.13.12_1/Frameworks/Python.framework/Versions/3.13/lib/python3.13/importlib/__init__.py:88: in import_module
    return _bootstrap._gcd_import(name[level:], package, level)
           ^^^^^^^^^^^^^^^^^^^^^^^^^^^^^^^^^^^^^^^^^^^^^^^^^^^^
tests/test_game_logic.py:1: in <module>
    from logic_utils import check_guess, parse_guess, update_score
E   ModuleNotFoundError: No module named 'logic_utils'
=========================== short test summary info ============================
ERROR tests/test_game_logic.py
!!!!!!!!!!!!!!!!!!!! Interrupted: 1 error during collection !!!!!!!!!!!!!!!!!!!!
=============================== 1 error in 7.15s ===============================
